CRITICAL - 2022-12-13 15:03:09 --> Undefined constant "CodeIgniter\Debug\VENDORPATH"
in SYSTEMPATH\Debug\Exceptions.php on line 177.
 1 SYSTEMPATH\Debug\Exceptions.php(157): CodeIgniter\Debug\Exceptions->isFakerDeprecationError(8192, 'Optional parameter $idAEditar declared before required parameter $datos is implicitly treated as a required parameter', 'APPPATH\\Models\\ZooModel.php', 24)
 2 SYSTEMPATH\Autoloader\Autoloader.php(282): CodeIgniter\Debug\Exceptions->errorHandler(8192, 'Optional parameter $idAEditar declared before required parameter $datos is implicitly treated as a required parameter', 'APPPATH\\Models\\ZooModel.php', 24)
 3 SYSTEMPATH\Autoloader\Autoloader.php(282): include_once('SYSTEMPATH\\Debug\\Exceptions.php')
 4 SYSTEMPATH\Autoloader\Autoloader.php(259): CodeIgniter\Autoloader\Autoloader->includeFile('APPPATH\\Models\\ZooModel.php')
 5 SYSTEMPATH\Autoloader\Autoloader.php(237): CodeIgniter\Autoloader\Autoloader->loadInNamespace('App\\Models\\ZooModel')
 6 [internal function]: CodeIgniter\Autoloader\Autoloader->loadClass('App\\Models\\ZooModel')
 7 SYSTEMPATH\Config\Factories.php(155): class_exists('App\\Models\\ZooModel')
 8 SYSTEMPATH\Config\Factories.php(125): CodeIgniter\Config\Factories::locateClass([...], 'App\\Models\\ZooModel')
 9 SYSTEMPATH\Config\Factories.php(86): CodeIgniter\Config\Factories::__callStatic('models', [...])
10 SYSTEMPATH\Common.php(809): CodeIgniter\Config\Factories::models('App\\Models\\ZooModel', [...], null)
11 APPPATH\Controllers\Zoo.php(288): model('App\\Models\\ZooModel')
12 APPPATH\Controllers\Zoo.php(25): App\Controllers\Zoo->devolverListadoCompleto()
13 SYSTEMPATH\CodeIgniter.php(927): App\Controllers\Zoo->getIndex()
14 SYSTEMPATH\CodeIgniter.php(482): CodeIgniter\CodeIgniter->runController(Object(App\Controllers\Zoo))
15 SYSTEMPATH\CodeIgniter.php(351): CodeIgniter\CodeIgniter->handleRequest(null, Object(Config\Cache), false)
16 FCPATH\index.php(67): CodeIgniter\CodeIgniter->run()
17 SYSTEMPATH\Commands\Server\rewrite.php(46): require_once('FCPATH\\index.php')
CRITICAL - 2022-12-13 15:03:10 --> Undefined constant "CodeIgniter\Debug\VENDORPATH"
in SYSTEMPATH\Debug\Exceptions.php on line 177.
 1 SYSTEMPATH\Debug\Exceptions.php(157): CodeIgniter\Debug\Exceptions->isFakerDeprecationError(8192, 'Optional parameter $idAEditar declared before required parameter $datos is implicitly treated as a required parameter', 'APPPATH\\Models\\ZooModel.php', 24)
 2 SYSTEMPATH\Autoloader\Autoloader.php(282): CodeIgniter\Debug\Exceptions->errorHandler(8192, 'Optional parameter $idAEditar declared before required parameter $datos is implicitly treated as a required parameter', 'APPPATH\\Models\\ZooModel.php', 24)
 3 SYSTEMPATH\Autoloader\Autoloader.php(282): include_once('SYSTEMPATH\\Debug\\Exceptions.php')
 4 SYSTEMPATH\Autoloader\Autoloader.php(259): CodeIgniter\Autoloader\Autoloader->includeFile('APPPATH\\Models\\ZooModel.php')
 5 SYSTEMPATH\Autoloader\Autoloader.php(237): CodeIgniter\Autoloader\Autoloader->loadInNamespace('App\\Models\\ZooModel')
 6 [internal function]: CodeIgniter\Autoloader\Autoloader->loadClass('App\\Models\\ZooModel')
 7 SYSTEMPATH\Config\Factories.php(155): class_exists('App\\Models\\ZooModel')
 8 SYSTEMPATH\Config\Factories.php(125): CodeIgniter\Config\Factories::locateClass([...], 'App\\Models\\ZooModel')
 9 SYSTEMPATH\Config\Factories.php(86): CodeIgniter\Config\Factories::__callStatic('models', [...])
10 SYSTEMPATH\Common.php(809): CodeIgniter\Config\Factories::models('App\\Models\\ZooModel', [...], null)
11 APPPATH\Controllers\Zoo.php(288): model('App\\Models\\ZooModel')
12 APPPATH\Controllers\Zoo.php(25): App\Controllers\Zoo->devolverListadoCompleto()
13 SYSTEMPATH\CodeIgniter.php(927): App\Controllers\Zoo->getIndex()
14 SYSTEMPATH\CodeIgniter.php(482): CodeIgniter\CodeIgniter->runController(Object(App\Controllers\Zoo))
15 SYSTEMPATH\CodeIgniter.php(351): CodeIgniter\CodeIgniter->handleRequest(null, Object(Config\Cache), false)
16 FCPATH\index.php(67): CodeIgniter\CodeIgniter->run()
17 SYSTEMPATH\Commands\Server\rewrite.php(46): require_once('FCPATH\\index.php')
CRITICAL - 2022-12-13 15:03:10 --> Undefined constant "CodeIgniter\Debug\VENDORPATH"
in SYSTEMPATH\Debug\Exceptions.php on line 177.
 1 SYSTEMPATH\Debug\Exceptions.php(157): CodeIgniter\Debug\Exceptions->isFakerDeprecationError(8192, 'Optional parameter $idAEditar declared before required parameter $datos is implicitly treated as a required parameter', 'APPPATH\\Models\\ZooModel.php', 24)
 2 SYSTEMPATH\Autoloader\Autoloader.php(282): CodeIgniter\Debug\Exceptions->errorHandler(8192, 'Optional parameter $idAEditar declared before required parameter $datos is implicitly treated as a required parameter', 'APPPATH\\Models\\ZooModel.php', 24)
 3 SYSTEMPATH\Autoloader\Autoloader.php(282): include_once('SYSTEMPATH\\Debug\\Exceptions.php')
 4 SYSTEMPATH\Autoloader\Autoloader.php(259): CodeIgniter\Autoloader\Autoloader->includeFile('APPPATH\\Models\\ZooModel.php')
 5 SYSTEMPATH\Autoloader\Autoloader.php(237): CodeIgniter\Autoloader\Autoloader->loadInNamespace('App\\Models\\ZooModel')
 6 [internal function]: CodeIgniter\Autoloader\Autoloader->loadClass('App\\Models\\ZooModel')
 7 SYSTEMPATH\Config\Factories.php(155): class_exists('App\\Models\\ZooModel')
 8 SYSTEMPATH\Config\Factories.php(125): CodeIgniter\Config\Factories::locateClass([...], 'App\\Models\\ZooModel')
 9 SYSTEMPATH\Config\Factories.php(86): CodeIgniter\Config\Factories::__callStatic('models', [...])
10 SYSTEMPATH\Common.php(809): CodeIgniter\Config\Factories::models('App\\Models\\ZooModel', [...], null)
11 APPPATH\Controllers\Zoo.php(288): model('App\\Models\\ZooModel')
12 APPPATH\Controllers\Zoo.php(25): App\Controllers\Zoo->devolverListadoCompleto()
13 SYSTEMPATH\CodeIgniter.php(927): App\Controllers\Zoo->getIndex()
14 SYSTEMPATH\CodeIgniter.php(482): CodeIgniter\CodeIgniter->runController(Object(App\Controllers\Zoo))
15 SYSTEMPATH\CodeIgniter.php(351): CodeIgniter\CodeIgniter->handleRequest(null, Object(Config\Cache), false)
16 FCPATH\index.php(67): CodeIgniter\CodeIgniter->run()
17 SYSTEMPATH\Commands\Server\rewrite.php(46): require_once('FCPATH\\index.php')
CRITICAL - 2022-12-13 15:03:10 --> Undefined constant "CodeIgniter\Debug\VENDORPATH"
in SYSTEMPATH\Debug\Exceptions.php on line 177.
 1 SYSTEMPATH\Debug\Exceptions.php(157): CodeIgniter\Debug\Exceptions->isFakerDeprecationError(8192, 'Optional parameter $idAEditar declared before required parameter $datos is implicitly treated as a required parameter', 'APPPATH\\Models\\ZooModel.php', 24)
 2 SYSTEMPATH\Autoloader\Autoloader.php(282): CodeIgniter\Debug\Exceptions->errorHandler(8192, 'Optional parameter $idAEditar declared before required parameter $datos is implicitly treated as a required parameter', 'APPPATH\\Models\\ZooModel.php', 24)
 3 SYSTEMPATH\Autoloader\Autoloader.php(282): include_once('SYSTEMPATH\\Debug\\Exceptions.php')
 4 SYSTEMPATH\Autoloader\Autoloader.php(259): CodeIgniter\Autoloader\Autoloader->includeFile('APPPATH\\Models\\ZooModel.php')
 5 SYSTEMPATH\Autoloader\Autoloader.php(237): CodeIgniter\Autoloader\Autoloader->loadInNamespace('App\\Models\\ZooModel')
 6 [internal function]: CodeIgniter\Autoloader\Autoloader->loadClass('App\\Models\\ZooModel')
 7 SYSTEMPATH\Config\Factories.php(155): class_exists('App\\Models\\ZooModel')
 8 SYSTEMPATH\Config\Factories.php(125): CodeIgniter\Config\Factories::locateClass([...], 'App\\Models\\ZooModel')
 9 SYSTEMPATH\Config\Factories.php(86): CodeIgniter\Config\Factories::__callStatic('models', [...])
10 SYSTEMPATH\Common.php(809): CodeIgniter\Config\Factories::models('App\\Models\\ZooModel', [...], null)
11 APPPATH\Controllers\Zoo.php(288): model('App\\Models\\ZooModel')
12 APPPATH\Controllers\Zoo.php(25): App\Controllers\Zoo->devolverListadoCompleto()
13 SYSTEMPATH\CodeIgniter.php(927): App\Controllers\Zoo->getIndex()
14 SYSTEMPATH\CodeIgniter.php(482): CodeIgniter\CodeIgniter->runController(Object(App\Controllers\Zoo))
15 SYSTEMPATH\CodeIgniter.php(351): CodeIgniter\CodeIgniter->handleRequest(null, Object(Config\Cache), false)
16 FCPATH\index.php(67): CodeIgniter\CodeIgniter->run()
17 SYSTEMPATH\Commands\Server\rewrite.php(46): require_once('FCPATH\\index.php')
CRITICAL - 2022-12-13 15:03:11 --> Undefined constant "CodeIgniter\Debug\VENDORPATH"
in SYSTEMPATH\Debug\Exceptions.php on line 177.
 1 SYSTEMPATH\Debug\Exceptions.php(157): CodeIgniter\Debug\Exceptions->isFakerDeprecationError(8192, 'Optional parameter $idAEditar declared before required parameter $datos is implicitly treated as a required parameter', 'APPPATH\\Models\\ZooModel.php', 24)
 2 SYSTEMPATH\Autoloader\Autoloader.php(282): CodeIgniter\Debug\Exceptions->errorHandler(8192, 'Optional parameter $idAEditar declared before required parameter $datos is implicitly treated as a required parameter', 'APPPATH\\Models\\ZooModel.php', 24)
 3 SYSTEMPATH\Autoloader\Autoloader.php(282): include_once('SYSTEMPATH\\Debug\\Exceptions.php')
 4 SYSTEMPATH\Autoloader\Autoloader.php(259): CodeIgniter\Autoloader\Autoloader->includeFile('APPPATH\\Models\\ZooModel.php')
 5 SYSTEMPATH\Autoloader\Autoloader.php(237): CodeIgniter\Autoloader\Autoloader->loadInNamespace('App\\Models\\ZooModel')
 6 [internal function]: CodeIgniter\Autoloader\Autoloader->loadClass('App\\Models\\ZooModel')
 7 SYSTEMPATH\Config\Factories.php(155): class_exists('App\\Models\\ZooModel')
 8 SYSTEMPATH\Config\Factories.php(125): CodeIgniter\Config\Factories::locateClass([...], 'App\\Models\\ZooModel')
 9 SYSTEMPATH\Config\Factories.php(86): CodeIgniter\Config\Factories::__callStatic('models', [...])
10 SYSTEMPATH\Common.php(809): CodeIgniter\Config\Factories::models('App\\Models\\ZooModel', [...], null)
11 APPPATH\Controllers\Zoo.php(288): model('App\\Models\\ZooModel')
12 APPPATH\Controllers\Zoo.php(25): App\Controllers\Zoo->devolverListadoCompleto()
13 SYSTEMPATH\CodeIgniter.php(927): App\Controllers\Zoo->getIndex()
14 SYSTEMPATH\CodeIgniter.php(482): CodeIgniter\CodeIgniter->runController(Object(App\Controllers\Zoo))
15 SYSTEMPATH\CodeIgniter.php(351): CodeIgniter\CodeIgniter->handleRequest(null, Object(Config\Cache), false)
16 FCPATH\index.php(67): CodeIgniter\CodeIgniter->run()
17 SYSTEMPATH\Commands\Server\rewrite.php(46): require_once('FCPATH\\index.php')
